Log file open, 08/06/20 12:49:42
LogInit: Display: Running engine for game: Platformer
LogPlatformFile: Not using cached read wrapper
LogTaskGraph: Started task graph with 5 named threads and 23 total threads with 3 sets of task threads.
LogStats: Stats thread started at 0.447353
LogD3D11RHI: Loaded GFSDK_Aftermath_Lib.x64.dll
LogICUInternationalization: ICU TimeZone Detection - Raw Offset: +12:00, Platform Override: ''
LogPluginManager: Mounting plugin Paper2D
LogPluginManager: Mounting plugin AISupport
LogPluginManager: Mounting plugin LightPropagationVolume
LogPluginManager: Mounting plugin CameraShakePreviewer
LogPluginManager: Mounting plugin ActorLayerUtilities
LogPluginManager: Mounting plugin AnimationSharing
LogPluginManager: Mounting plugin CLionSourceCodeAccess
LogPluginManager: Mounting plugin CodeLiteSourceCodeAccess
LogPluginManager: Mounting plugin GitSourceControl
LogPluginManager: Mounting plugin KDevelopSourceCodeAccess
LogPluginManager: Mounting plugin NullSourceCodeAccess
LogPluginManager: Mounting plugin PerforceSourceControl
LogPluginManager: Mounting plugin PlasticSourceControl
LogPluginManager: Mounting plugin RiderSourceCodeAccess
LogPluginManager: Mounting plugin SubversionSourceControl
LogPluginManager: Mounting plugin UObjectPlugin
LogPluginManager: Mounting plugin VisualStudioCodeSourceCodeAccess
LogPluginManager: Mounting plugin VisualStudioSourceCodeAccess
LogPluginManager: Mounting plugin XCodeSourceCodeAccess
LogPluginManager: Mounting plugin AssetManagerEditor
LogPluginManager: Mounting plugin CryptoKeys
LogPluginManager: Mounting plugin CurveEditorTools
LogPluginManager: Mounting plugin DataValidation
LogPluginManager: Mounting plugin EditorScriptingUtilities
LogPluginManager: Mounting plugin FacialAnimation
LogPluginManager: Mounting plugin GameplayTagsEditor
LogPluginManager: Mounting plugin GeometryMode
LogPluginManager: Mounting plugin MacGraphicsSwitching
LogPluginManager: Mounting plugin MaterialAnalyzer
LogPluginManager: Mounting plugin MobileLauncherProfileWizard
LogPluginManager: Mounting plugin PluginBrowser
LogPluginManager: Mounting plugin SpeedTreeImporter
LogPluginManager: Mounting plugin DatasmithContent
LogPluginManager: Mounting plugin VariantManagerContent
LogPluginManager: Mounting plugin AlembicImporter
LogPluginManager: Mounting plugin AutomationUtils
LogPluginManager: Mounting plugin BackChannel
LogPluginManager: Mounting plugin ChaosCloth
LogPluginManager: Mounting plugin ChaosClothEditor
LogPluginManager: Mounting plugin ChaosEditor
LogPluginManager: Mounting plugin ChaosNiagara
LogPluginManager: Mounting plugin ChaosSolverPlugin
LogPluginManager: Mounting plugin CharacterAI
LogPluginManager: Mounting plugin GeometryCache
LogPluginManager: Mounting plugin GeometryCollectionPlugin
LogPluginManager: Mounting plugin GeometryProcessing
LogPluginManager: Mounting plugin PlanarCut
LogPluginManager: Mounting plugin PlatformCrypto
LogPluginManager: Mounting plugin ProxyLODPlugin
LogPluginManager: Mounting plugin SkeletalReduction
LogPluginManager: Mounting plugin Niagara
LogPluginManager: Mounting plugin MagicLeap
LogPluginManager: Mounting plugin MagicLeapLightEstimation
LogPluginManager: Mounting plugin MagicLeapMedia
LogPluginManager: Mounting plugin MagicLeapPassableWorld
LogPluginManager: Mounting plugin MLSDK
LogPluginManager: Mounting plugin AndroidMedia
LogPluginManager: Mounting plugin AvfMedia
LogPluginManager: Mounting plugin ImgMedia
LogPluginManager: Mounting plugin MediaCompositing
LogPluginManager: Mounting plugin MediaPlayerEditor
LogPluginManager: Mounting plugin WebMMedia
LogPluginManager: Mounting plugin WmfMedia
LogPluginManager: Mounting plugin MeshPainting
LogPluginManager: Mounting plugin TcpMessaging
LogPluginManager: Mounting plugin UdpMessaging
LogPluginManager: Mounting plugin ActorSequence
LogPluginManager: Mounting plugin LevelSequenceEditor
LogPluginManager: Mounting plugin MatineeToLevelSequence
LogPluginManager: Mounting plugin MovieRenderPipeline
LogPluginManager: Mounting plugin TemplateSequence
LogPluginManager: Mounting plugin NetcodeUnitTest
LogPluginManager: Mounting plugin NUTUnrealEngine4
LogPluginManager: Mounting plugin OnlineSubsystemGooglePlay
LogPluginManager: Mounting plugin OnlineSubsystemIOS
LogPluginManager: Mounting plugin OnlineSubsystem
LogPluginManager: Mounting plugin OnlineSubsystemNull
LogPluginManager: Mounting plugin OnlineSubsystemUtils
LogPluginManager: Mounting plugin LauncherChunkInstaller
LogPluginManager: Mounting plugin AndroidDeviceProfileSelector
LogPluginManager: Mounting plugin AndroidMoviePlayer
LogPluginManager: Mounting plugin AndroidPermission
LogPluginManager: Mounting plugin AppleImageUtils
LogPluginManager: Mounting plugin AppleMoviePlayer
LogPluginManager: Mounting plugin ArchVisCharacter
LogPluginManager: Mounting plugin AssetTags
LogPluginManager: Mounting plugin AudioCapture
LogPluginManager: Mounting plugin CableComponent
LogPluginManager: Mounting plugin CustomMeshComponent
LogPluginManager: Mounting plugin EditableMesh
LogPluginManager: Mounting plugin ExampleDeviceProfileSelector
LogPluginManager: Mounting plugin GoogleCloudMessaging
LogPluginManager: Mounting plugin GooglePAD
LogPluginManager: Mounting plugin IOSDeviceProfileSelector
LogPluginManager: Mounting plugin LinuxDeviceProfileSelector
LogPluginManager: Mounting plugin LocationServicesBPLibrary
LogPluginManager: Mounting plugin MobilePatchingUtils
LogPluginManager: Mounting plugin OculusVR
LogPluginManager: Mounting plugin PhysXVehicles
LogPluginManager: Mounting plugin PostSplashScreen
LogPluginManager: Mounting plugin ProceduralMeshComponent
LogPluginManager: Mounting plugin RuntimePhysXCooking
LogPluginManager: Mounting plugin SignificanceManager
LogPluginManager: Mounting plugin SoundFields
LogPluginManager: Mounting plugin SteamVR
LogPluginManager: Mounting plugin Synthesis
LogPluginManager: Mounting plugin WebMMoviePlayer
LogPluginManager: Mounting plugin WindowsMoviePlayer
LogPluginManager: Mounting plugin ScreenshotTools
LogInit: Using libcurl 7.55.1-DEV
LogInit:  - built for x86_64-pc-win32
LogInit:  - supports SSL with OpenSSL/1.1.1
LogInit:  - supports HTTP deflate (compression) using libz 1.2.8
LogInit:  - other features:
LogInit:      CURL_VERSION_SSL
LogInit:      CURL_VERSION_LIBZ
LogInit:      CURL_VERSION_IPV6
LogInit:      CURL_VERSION_ASYNCHDNS
LogInit:      CURL_VERSION_LARGEFILE
LogInit:      CURL_VERSION_IDN
LogInit:  CurlRequestOptions (configurable via config and command line):
LogInit:  - bVerifyPeer = true  - Libcurl will verify peer certificate
LogInit:  - bUseHttpProxy = false  - Libcurl will NOT use HTTP proxy
LogInit:  - bDontReuseConnections = false  - Libcurl will reuse connections
LogInit:  - MaxHostConnections = 16  - Libcurl will limit the number of connections to a host
LogInit:  - LocalHostAddr = Default
LogInit:  - BufferSize = 65536
LogOnline: OSS: Creating online subsystem instance for: NULL
LogInit: WinSock: version 1.1 (2.2), MaxSocks=32767, MaxUdp=65467
LogOnline: OSS: TryLoadSubsystemAndSetDefault: Loaded subsystem for module [NULL]
LogInit: Build: ++UE4+Release-4.25-CL-13942748
LogInit: Engine Version: 4.25.3-13942748+++UE4+Release-4.25
LogInit: Compatible Engine Version: 4.25.0-13144385+++UE4+Release-4.25
LogInit: Net CL: 13144385
LogInit: OS: Windows 10 (Release 1909) (), CPU: Intel(R) Core(TM) i7-1065G7 CPU @ 1.30GHz, GPU: Intel(R) Iris(R) Plus Graphics
LogInit: Compiled (64-bit): Jul 25 2020 02:07:48
LogInit: Compiled with Visual C++: 19.24.28315.00
LogInit: Build Configuration: Development
LogInit: Branch Name: ++UE4+Release-4.25
LogInit: Command Line: 
LogInit: Base Directory: C:/Program Files/Epic Games/UE_4.25/Engine/Binaries/Win64/
LogInit: Allocator: TBB
LogInit: Installed Engine Build: 1
LogDevObjectVersion: Number of dev versions registered: 26
LogDevObjectVersion:   Dev-Blueprints (B0D832E4-1F89-4F0D-ACCF-7EB736FD4AA2): 10
LogDevObjectVersion:   Dev-Build (E1C64328-A22C-4D53-A36C-8E866417BD8C): 0
LogDevObjectVersion:   Dev-Core (375EC13C-06E4-48FB-B500-84F0262A717E): 4
LogDevObjectVersion:   Dev-Editor (E4B068ED-F494-42E9-A231-DA0B2E46BB41): 38
LogDevObjectVersion:   Dev-Framework (CFFC743F-43B0-4480-9391-14DF171D2073): 37
LogDevObjectVersion:   Dev-Mobile (B02B49B5-BB20-44E9-A304-32B752E40360): 2
LogDevObjectVersion:   Dev-Networking (A4E4105C-59A1-49B5-A7C5-40C4547EDFEE): 0
LogDevObjectVersion:   Dev-Online (39C831C9-5AE6-47DC-9A44-9C173E1C8E7C): 0
LogDevObjectVersion:   Dev-Physics (78F01B33-EBEA-4F98-B9B4-84EACCB95AA2): 4
LogDevObjectVersion:   Dev-Platform (6631380F-2D4D-43E0-8009-CF276956A95A): 0
LogDevObjectVersion:   Dev-Rendering (12F88B9F-8875-4AFC-A67C-D90C383ABD29): 43
LogDevObjectVersion:   Dev-Sequencer (7B5AE74C-D270-4C10-A958-57980B212A5A): 12
LogDevObjectVersion:   Dev-VR (D7296918-1DD6-4BDD-9DE2-64A83CC13884): 3
LogDevObjectVersion:   Dev-LoadTimes (C2A15278-BFE7-4AFE-6C17-90FF531DF755): 1
LogDevObjectVersion:   Private-Geometry (6EACA3D4-40EC-4CC1-B786-8BED09428FC5): 3
LogDevObjectVersion:   Dev-AnimPhys (29E575DD-E0A3-4627-9D10-D276232CDCEA): 17
LogDevObjectVersion:   Dev-Anim (AF43A65D-7FD3-4947-9873-3E8ED9C1BB05): 7
LogDevObjectVersion:   Dev-ReflectionCapture (6B266CEC-1EC7-4B8F-A30B-E4D90942FC07): 1
LogDevObjectVersion:   Dev-Automation (0DF73D61-A23F-47EA-B727-89E90C41499A): 1
LogDevObjectVersion:   FortniteMain (601D1886-AC64-4F84-AA16-D3DE0DEAC7D6): 31
LogDevObjectVersion:   Dev-Enterprise (9DFFBCD6-494F-0158-E221-12823C92A888): 10
LogDevObjectVersion:   Dev-Niagara (F2AED0AC-9AFE-416F-8664-AA7FFA26D6FC): 1
LogDevObjectVersion:   Dev-Destruction (174F1F0B-B4C6-45A5-B13F-2EE8D0FB917D): 10
LogDevObjectVersion:   Dev-Physics-Ext (35F94A83-E258-406C-A318-09F59610247C): 37
LogDevObjectVersion:   Dev-PhysicsMaterial-Chaos (B68FC16E-8B1B-42E2-B453-215C058844FE): 1
LogDevObjectVersion:   Dev-CineCamera (B2E18506-4273-CFC2-A54E-F4BB758BBA07): 1
LogInit: Presizing for max 25165824 objects, including 0 objects not considered by GC, pre-allocating 0 bytes for permanent pool.
LogConfig: Applying CVar settings from Section [/Script/Engine.StreamingSettings] File [C:/Users/micha/OneDrive/Documents/GitHub/Platformer/Platformer/Saved/Config/Windows/Engine.ini]
LogConfig: Setting CVar [[s.MinBulkDataSizeForAsyncLoading:131072]]
LogConfig: Setting CVar [[s.AsyncLoadingThreadEnabled:0]]
LogConfig: Setting CVar [[s.EventDrivenLoaderEnabled:1]]
LogConfig: Setting CVar [[s.WarnIfTimeLimitExceeded:0]]
LogConfig: Setting CVar [[s.TimeLimitExceededMultiplier:1.5]]
LogConfig: Setting CVar [[s.TimeLimitExceededMinTime:0.005]]
LogConfig: Setting CVar [[s.UseBackgroundLevelStreaming:1]]
LogConfig: Setting CVar [[s.PriorityAsyncLoadingExtraTime:15.0]]
LogConfig: Setting CVar [[s.LevelStreamingActorsUpdateTimeLimit:5.0]]
LogConfig: Setting CVar [[s.PriorityLevelStreamingActorsUpdateExtraTime:5.0]]
LogConfig: Setting CVar [[s.LevelStreamingComponentsRegistrationGranularity:10]]
LogConfig: Setting CVar [[s.UnregisterComponentsTimeLimit:1.0]]
LogConfig: Setting CVar [[s.LevelStreamingComponentsUnregistrationGranularity:5]]
LogConfig: Setting CVar [[s.FlushStreamingOnExit:1]]
LogInit: Object subsystem initialized
LogConfig: Setting CVar [[con.DebugEarlyDefault:1]]
LogConfig: Setting CVar [[r.setres:1280x720]]
[2020.08.06-00.49.43:464][  0]LogConfig: Setting CVar [[r.VSync:0]]
[2020.08.06-00.49.43:464][  0]LogConfig: Setting CVar [[r.RHICmdBypass:0]]
[2020.08.06-00.49.43:464][  0]LogConfig: Applying CVar settings from Section [/Script/Engine.RendererSettings] File [C:/Users/micha/OneDrive/Documents/GitHub/Platformer/Platformer/Saved/Config/Windows/Engine.ini]
[2020.08.06-00.49.43:464][  0]LogConfig: Setting CVar [[r.GPUCrashDebugging:0]]
[2020.08.06-00.49.43:464][  0]LogConfig: Applying CVar settings from Section [/Script/Engine.RendererOverrideSettings] File [C:/Users/micha/OneDrive/Documents/GitHub/Platformer/Platformer/Saved/Config/Windows/Engine.ini]
[2020.08.06-00.49.43:464][  0]LogConfig: Applying CVar settings from Section [/Script/Engine.StreamingSettings] File [C:/Users/micha/OneDrive/Documents/GitHub/Platformer/Platformer/Saved/Config/Windows/Engine.ini]
[2020.08.06-00.49.43:464][  0]LogConfig: Setting CVar [[s.MinBulkDataSizeForAsyncLoading:131072]]
[2020.08.06-00.49.43:464][  0]LogConfig: Setting CVar [[s.AsyncLoadingThreadEnabled:0]]
[2020.08.06-00.49.43:464][  0]LogConfig: Setting CVar [[s.EventDrivenLoaderEnabled:1]]
[2020.08.06-00.49.43:464][  0]LogConfig: Setting CVar [[s.WarnIfTimeLimitExceeded:0]]
[2020.08.06-00.49.43:464][  0]LogConfig: Setting CVar [[s.TimeLimitExceededMultiplier:1.5]]
[2020.08.06-00.49.43:464][  0]LogConfig: Setting CVar [[s.TimeLimitExceededMinTime:0.005]]
[2020.08.06-00.49.43:464][  0]LogConfig: Setting CVar [[s.UseBackgroundLevelStreaming:1]]
[2020.08.06-00.49.43:464][  0]LogConfig: Setting CVar [[s.PriorityAsyncLoadingExtraTime:15.0]]
[2020.08.06-00.49.43:464][  0]LogConfig: Setting CVar [[s.LevelStreamingActorsUpdateTimeLimit:5.0]]
[2020.08.06-00.49.43:464][  0]LogConfig: Setting CVar [[s.PriorityLevelStreamingActorsUpdateExtraTime:5.0]]
[2020.08.06-00.49.43:464][  0]LogConfig: Setting CVar [[s.LevelStreamingComponentsRegistrationGranularity:10]]
[2020.08.06-00.49.43:464][  0]LogConfig: Setting CVar [[s.UnregisterComponentsTimeLimit:1.0]]
[2020.08.06-00.49.43:464][  0]LogConfig: Setting CVar [[s.LevelStreamingComponentsUnregistrationGranularity:5]]
[2020.08.06-00.49.43:464][  0]LogConfig: Setting CVar [[s.FlushStreamingOnExit:1]]
[2020.08.06-00.49.43:464][  0]LogConfig: Applying CVar settings from Section [/Script/Engine.GarbageCollectionSettings] File [C:/Users/micha/OneDrive/Documents/GitHub/Platformer/Platformer/Saved/Config/Windows/Engine.ini]
[2020.08.06-00.49.43:464][  0]LogConfig: Setting CVar [[gc.MaxObjectsNotConsideredByGC:1]]
[2020.08.06-00.49.43:464][  0]LogConfig: Setting CVar [[gc.SizeOfPermanentObjectPool:0]]
[2020.08.06-00.49.43:464][  0]LogConfig: Setting CVar [[gc.FlushStreamingOnGC:0]]
[2020.08.06-00.49.43:464][  0]LogConfig: Setting CVar [[gc.NumRetriesBeforeForcingGC:10]]
[2020.08.06-00.49.43:464][  0]LogConfig: Setting CVar [[gc.AllowParallelGC:1]]
[2020.08.06-00.49.43:464][  0]LogConfig: Setting CVar [[gc.TimeBetweenPurgingPendingKillObjects:61.1]]
[2020.08.06-00.49.43:464][  0]LogConfig: Setting CVar [[gc.MaxObjectsInEditor:25165824]]
[2020.08.06-00.49.43:464][  0]LogConfig: Setting CVar [[gc.IncrementalBeginDestroyEnabled:1]]
[2020.08.06-00.49.43:464][  0]LogConfig: Setting CVar [[gc.CreateGCClusters:1]]
[2020.08.06-00.49.43:464][  0]LogConfig: Setting CVar [[gc.MinGCClusterSize:5]]
[2020.08.06-00.49.43:464][  0]LogConfig: Setting CVar [[gc.ActorClusteringEnabled:0]]
[2020.08.06-00.49.43:464][  0]LogConfig: Setting CVar [[gc.BlueprintClusteringEnabled:0]]
[2020.08.06-00.49.43:464][  0]LogConfig: Setting CVar [[gc.UseDisregardForGCOnDedicatedServers:0]]
[2020.08.06-00.49.43:464][  0]LogConfig: Applying CVar settings from Section [/Script/Engine.NetworkSettings] File [C:/Users/micha/OneDrive/Documents/GitHub/Platformer/Platformer/Saved/Config/Windows/Engine.ini]
[2020.08.06-00.49.43:464][  0]LogConfig: Applying CVar settings from Section [/Script/UnrealEd.CookerSettings] File [C:/Users/micha/OneDrive/Documents/GitHub/Platformer/Platformer/Saved/Config/Windows/Engine.ini]
[2020.08.06-00.49.43:469][  0]LogConfig: Applying CVar settings from Section [ViewDistanceQuality@3] File [C:/Users/micha/OneDrive/Documents/GitHub/Platformer/Platformer/Saved/Config/Windows/Scalability.ini]
[2020.08.06-00.49.43:469][  0]LogConfig: Setting CVar [[r.SkeletalMeshLODBias:0]]
[2020.08.06-00.49.43:469][  0]LogConfig: Setting CVar [[r.ViewDistanceScale:1.0]]
[2020.08.06-00.49.43:469][  0]LogConfig: Applying CVar settings from Section [AntiAliasingQuality@3] File [C:/Users/micha/OneDrive/Documents/GitHub/Platformer/Platformer/Saved/Config/Windows/Scalability.ini]
[2020.08.06-00.49.43:469][  0]LogConfig: Setting CVar [[r.PostProcessAAQuality:4]]
[2020.08.06-00.49.43:469][  0]LogConfig: Applying CVar settings from Section [ShadowQuality@3] File [C:/Users/micha/OneDrive/Documents/GitHub/Platformer/Platformer/Saved/Config/Windows/Scalability.ini]
[2020.08.06-00.49.43:469][  0]LogConfig: Setting CVar [[r.LightFunctionQuality:1]]
[2020.08.06-00.49.43:469][  0]LogConfig: Setting CVar [[r.ShadowQuality:5]]
[2020.08.06-00.49.43:469][  0]LogConfig: Setting CVar [[r.Shadow.CSM.MaxCascades:10]]
[2020.08.06-00.49.43:469][  0]LogConfig: Setting CVar [[r.Shadow.MaxResolution:2048]]
[2020.08.06-00.49.43:469][  0]LogConfig: Setting CVar [[r.Shadow.MaxCSMResolution:2048]]
[2020.08.06-00.49.43:469][  0]LogConfig: Setting CVar [[r.Shadow.RadiusThreshold:0.01]]
[2020.08.06-00.49.43:469][  0]LogConfig: Setting CVar [[r.Shadow.DistanceScale:1.0]]
[2020.08.06-00.49.43:469][  0]LogConfig: Setting CVar [[r.Shadow.CSM.TransitionScale:1.0]]
[2020.08.06-00.49.43:469][  0]LogConfig: Setting CVar [[r.Shadow.PreShadowResolutionFactor:1.0]]
[2020.08.06-00.49.43:469][  0]LogConfig: Setting CVar [[r.DistanceFieldShadowing:1]]
[2020.08.06-00.49.43:469][  0]LogConfig: Setting CVar [[r.DistanceFieldAO:1]]
[2020.08.06-00.49.43:469][  0]LogConfig: Setting CVar [[r.AOQuality:2]]
[2020.08.06-00.49.43:469][  0]LogConfig: Setting CVar [[r.VolumetricFog:1]]
[2020.08.06-00.49.43:469][  0]LogConfig: Setting CVar [[r.VolumetricFog.GridPixelSize:8]]
[2020.08.06-00.49.43:469][  0]LogConfig: Setting CVar [[r.VolumetricFog.GridSizeZ:128]]
[2020.08.06-00.49.43:469][  0]LogConfig: Setting CVar [[r.VolumetricFog.HistoryMissSupersampleCount:4]]
[2020.08.06-00.49.43:469][  0]LogConfig: Setting CVar [[r.LightMaxDrawDistanceScale:1]]
[2020.08.06-00.49.43:469][  0]LogConfig: Setting CVar [[r.CapsuleShadows:1]]
[2020.08.06-00.49.43:469][  0]LogConfig: Applying CVar settings from Section [PostProcessQuality@3] File [C:/Users/micha/OneDrive/Documents/GitHub/Platformer/Platformer/Saved/Config/Windows/Scalability.ini]
[2020.08.06-00.49.43:469][  0]LogConfig: Setting CVar [[r.MotionBlurQuality:4]]
[2020.08.06-00.49.43:469][  0]LogConfig: Setting CVar [[r.AmbientOcclusionMipLevelFactor:0.4]]
[2020.08.06-00.49.43:469][  0]LogConfig: Setting CVar [[r.AmbientOcclusionMaxQuality:100]]
[2020.08.06-00.49.43:469][  0]LogConfig: Setting CVar [[r.AmbientOcclusionLevels:-1]]
[2020.08.06-00.49.43:469][  0]LogConfig: Setting CVar [[r.AmbientOcclusionRadiusScale:1.0]]
[2020.08.06-00.49.43:469][  0]LogConfig: Setting CVar [[r.DepthOfFieldQuality:2]]
[2020.08.06-00.49.43:469][  0]LogConfig: Setting CVar [[r.RenderTargetPoolMin:400]]
[2020.08.06-00.49.43:469][  0]LogConfig: Setting CVar [[r.LensFlareQuality:2]]
[2020.08.06-00.49.43:469][  0]LogConfig: Setting CVar [[r.SceneColorFringeQuality:1]]
[2020.08.06-00.49.43:469][  0]LogConfig: Setting CVar [[r.EyeAdaptationQuality:2]]
[2020.08.06-00.49.43:469][  0]LogConfig: Setting CVar [[r.BloomQuality:5]]
[2020.08.06-00.49.43:469][  0]LogConfig: Setting CVar [[r.FastBlurThreshold:100]]
[2020.08.06-00.49.43:469][  0]LogConfig: Setting CVar [[r.Upscale.Quality:3]]
[2020.08.06-00.49.43:469][  0]LogConfig: Setting CVar [[r.Tonemapper.GrainQuantization:1]]
[2020.08.06-00.49.43:469][  0]LogConfig: Setting CVar [[r.LightShaftQuality:1]]
[2020.08.06-00.49.43:469][  0]LogConfig: Setting CVar [[r.Filter.SizeScale:1]]
[2020.08.06-00.49.43:469][  0]LogConfig: Setting CVar [[r.Tonemapper.Quality:5]]
[2020.08.06-00.49.43:470][  0]LogConfig: Setting CVar [[r.DOF.Gather.AccumulatorQuality:1        ; higher gathering accumulator quality]]
[2020.08.06-00.49.43:470][  0]LogConfig: Setting CVar [[r.DOF.Gather.PostfilterMethod:1          ; Median3x3 postfilering method]]
[2020.08.06-00.49.43:470][  0]LogConfig: Setting CVar [[r.DOF.Gather.EnableBokehSettings:0       ; no bokeh simulation when gathering]]
[2020.08.06-00.49.43:470][  0]LogConfig: Setting CVar [[r.DOF.Gather.RingCount:4                 ; medium number of samples when gathering]]
[2020.08.06-00.49.43:470][  0]LogConfig: Setting CVar [[r.DOF.Scatter.ForegroundCompositing:1    ; additive foreground scattering]]
[2020.08.06-00.49.43:470][  0]LogConfig: Setting CVar [[r.DOF.Scatter.BackgroundCompositing:2    ; additive background scattering]]
[2020.08.06-00.49.43:470][  0]LogConfig: Setting CVar [[r.DOF.Scatter.EnableBokehSettings:1      ; bokeh simulation when scattering]]
[2020.08.06-00.49.43:470][  0]LogConfig: Setting CVar [[r.DOF.Scatter.MaxSpriteRatio:0.1         ; only a maximum of 10% of scattered bokeh]]
[2020.08.06-00.49.43:470][  0]LogConfig: Setting CVar [[r.DOF.Recombine.Quality:1                ; cheap slight out of focus]]
[2020.08.06-00.49.43:470][  0]LogConfig: Setting CVar [[r.DOF.Recombine.EnableBokehSettings:0    ; no bokeh simulation on slight out of focus]]
[2020.08.06-00.49.43:470][  0]LogConfig: Setting CVar [[r.DOF.TemporalAAQuality:1                ; more stable temporal accumulation]]
[2020.08.06-00.49.43:470][  0]LogConfig: Setting CVar [[r.DOF.Kernel.MaxForegroundRadius:0.025]]
[2020.08.06-00.49.43:470][  0]LogConfig: Setting CVar [[r.DOF.Kernel.MaxBackgroundRadius:0.025]]
[2020.08.06-00.49.43:470][  0]LogConfig: Applying CVar settings from Section [TextureQuality@3] File [C:/Users/micha/OneDrive/Documents/GitHub/Platformer/Platformer/Saved/Config/Windows/Scalability.ini]
[2020.08.06-00.49.43:470][  0]LogConfig: Setting CVar [[r.Streaming.MipBias:0]]
[2020.08.06-00.49.43:470][  0]LogConfig: Setting CVar [[r.Streaming.AmortizeCPUToGPUCopy:0]]
[2020.08.06-00.49.43:470][  0]LogConfig: Setting CVar [[r.Streaming.MaxNumTexturesToStreamPerFrame:0]]
[2020.08.06-00.49.43:470][  0]LogConfig: Setting CVar [[r.Streaming.Boost:1]]
[2020.08.06-00.49.43:470][  0]LogConfig: Setting CVar [[r.MaxAnisotropy:8]]
[2020.08.06-00.49.43:470][  0]LogConfig: Setting CVar [[r.VT.MaxAnisotropy:8]]
[2020.08.06-00.49.43:470][  0]LogConfig: Setting CVar [[r.Streaming.LimitPoolSizeToVRAM:0]]
[2020.08.06-00.49.43:470][  0]LogConfig: Setting CVar [[r.Streaming.PoolSize:1000]]
[2020.08.06-00.49.43:470][  0]LogConfig: Setting CVar [[r.Streaming.MaxEffectiveScreenSize:0]]
[2020.08.06-00.49.43:470][  0]LogConfig: Applying CVar settings from Section [EffectsQuality@3] File [C:/Users/micha/OneDrive/Documents/GitHub/Platformer/Platformer/Saved/Config/Windows/Scalability.ini]
[2020.08.06-00.49.43:470][  0]LogConfig: Setting CVar [[r.TranslucencyLightingVolumeDim:64]]
[2020.08.06-00.49.43:470][  0]LogConfig: Setting CVar [[r.RefractionQuality:2]]
[2020.08.06-00.49.43:470][  0]LogConfig: Setting CVar [[r.SSR.Quality:3]]
[2020.08.06-00.49.43:470][  0]LogConfig: Setting CVar [[r.SSR.HalfResSceneColor:0]]
[2020.08.06-00.49.43:470][  0]LogConfig: Setting CVar [[r.SceneColorFormat:4]]
[2020.08.06-00.49.43:470][  0]LogConfig: Setting CVar [[r.DetailMode:2]]
[2020.08.06-00.49.43:470][  0]LogConfig: Setting CVar [[r.TranslucencyVolumeBlur:1]]
[2020.08.06-00.49.43:470][  0]LogConfig: Setting CVar [[r.MaterialQualityLevel:1 ; High quality]]
[2020.08.06-00.49.43:470][  0]LogConfig: Setting CVar [[r.SSS.Scale:1]]
[2020.08.06-00.49.43:470][  0]LogConfig: Setting CVar [[r.SSS.SampleSet:2]]
[2020.08.06-00.49.43:470][  0]LogConfig: Setting CVar [[r.SSS.Quality:1]]
[2020.08.06-00.49.43:470][  0]LogConfig: Setting CVar [[r.SSS.HalfRes:0]]
[2020.08.06-00.49.43:470][  0]LogConfig: Setting CVar [[r.SSGI.Quality:3]]
[2020.08.06-00.49.43:470][  0]LogConfig: Setting CVar [[r.EmitterSpawnRateScale:1.0]]
[2020.08.06-00.49.43:470][  0]LogConfig: Setting CVar [[r.ParticleLightQuality:2]]
[2020.08.06-00.49.43:470][  0]LogConfig: Setting CVar [[r.SkyAtmosphere.AerialPerspectiveLUT.FastApplyOnOpaque:1 ; Always have FastSkyLUT 1 in this case to avoid wrong sky]]
[2020.08.06-00.49.43:470][  0]LogConfig: Setting CVar [[r.SkyAtmosphere.AerialPerspectiveLUT.SampleCountPerSlice:1]]
[2020.08.06-00.49.43:470][  0]LogConfig: Setting CVar [[r.SkyAtmosphere.AerialPerspectiveLUT.DepthResolution:16.0]]
[2020.08.06-00.49.43:470][  0]LogConfig: Setting CVar [[r.SkyAtmosphere.FastSkyLUT:1]]
[2020.08.06-00.49.43:470][  0]LogConfig: Setting CVar [[r.SkyAtmosphere.FastSkyLUT.SampleCountMin:4.0]]
[2020.08.06-00.49.43:470][  0]LogConfig: Setting CVar [[r.SkyAtmosphere.FastSkyLUT.SampleCountMax:32.0]]
[2020.08.06-00.49.43:470][  0]LogConfig: Setting CVar [[r.SkyAtmosphere.SampleCountMin:4.0]]
[2020.08.06-00.49.43:470][  0]LogConfig: Setting CVar [[r.SkyAtmosphere.SampleCountMax:32.0]]
[2020.08.06-00.49.43:470][  0]LogConfig: Setting CVar [[r.SkyAtmosphere.TransmittanceLUT.UseSmallFormat:0]]
[2020.08.06-00.49.43:470][  0]LogConfig: Setting CVar [[r.SkyAtmosphere.TransmittanceLUT.SampleCount:10.0]]
[2020.08.06-00.49.43:470][  0]LogConfig: Setting CVar [[r.SkyAtmosphere.MultiScatteringLUT.SampleCount:15.0]]
[2020.08.06-00.49.43:470][  0]LogConfig: Applying CVar settings from Section [FoliageQuality@3] File [C:/Users/micha/OneDrive/Documents/GitHub/Platformer/Platformer/Saved/Config/Windows/Scalability.ini]
[2020.08.06-00.49.43:470][  0]LogConfig: Setting CVar [[foliage.DensityScale:1.0]]
[2020.08.06-00.49.43:470][  0]LogConfig: Setting CVar [[grass.DensityScale:1.0]]
[2020.08.06-00.49.43:470][  0]LogConfig: Applying CVar settings from Section [ShadingQuality@3] File [C:/Users/micha/OneDrive/Documents/GitHub/Platformer/Platformer/Saved/Config/Windows/Scalability.ini]
[2020.08.06-00.49.43:470][  0]LogConfig: Setting CVar [[r.HairStrands.SkyLighting.SampleCount:16]]
[2020.08.06-00.49.43:470][  0]LogConfig: Setting CVar [[r.HairStrands.SkyLighting.JitterIntegration:0]]
[2020.08.06-00.49.43:470][  0]LogConfig: Setting CVar [[r.HairStrands.SkyAO.SampleCount:16]]
[2020.08.06-00.49.43:470][  0]LogConfig: Setting CVar [[r.HairStrands.DeepShadow.SuperSampling:0]]
[2020.08.06-00.49.43:470][  0]LogConfig: Setting CVar [[r.HairStrands.VisibilityPPLL:0]]
[2020.08.06-00.49.43:470][  0]LogConfig: Setting CVar [[r.HairStrands.RasterizationScale:0.5]]
[2020.08.06-00.49.43:470][  0]LogConfig: Setting CVar [[r.HairStrands.VelocityRasterizationScale:1]]
[2020.08.06-00.49.43:470][  0]LogInit: Selected Device Profile: [Windows]
[2020.08.06-00.49.43:470][  0]LogInit: Applying CVar settings loaded from the selected device profile: [Windows]
[2020.08.06-00.49.43:470][  0]LogHAL: Display: Platform has ~ 16 GB [16750510080 / 17179869184 / 16], which maps to Larger [LargestMinGB=32, LargerMinGB=12, DefaultMinGB=8, SmallerMinGB=6, SmallestMinGB=0)
[2020.08.06-00.49.43:470][  0]LogInit: Going up to parent DeviceProfile []
[2020.08.06-00.49.43:470][  0]LogConfig: Applying CVar settings from Section [ViewDistanceQuality@3] File [C:/Users/micha/OneDrive/Documents/GitHub/Platformer/Platformer/Saved/Config/Windows/Scalability.ini]
[2020.08.06-00.49.43:470][  0]LogConfig: Setting CVar [[r.SkeletalMeshLODBias:0]]
[2020.08.06-00.49.43:470][  0]LogConfig: Setting CVar [[r.ViewDistanceScale:1.0]]
[2020.08.06-00.49.43:470][  0]LogConfig: Applying CVar settings from Section [AntiAliasingQuality@3] File [C:/Users/micha/OneDrive/Documents/GitHub/Platformer/Platformer/Saved/Config/Windows/Scalability.ini]
[2020.08.06-00.49.43:470][  0]LogConfig: Setting CVar [[r.PostProcessAAQuality:4]]
[2020.08.06-00.49.43:470][  0]LogConfig: Applying CVar settings from Section [ShadowQuality@3] File [C:/Users/micha/OneDrive/Documents/GitHub/Platformer/Platformer/Saved/Config/Windows/Scalability.ini]
[2020.08.06-00.49.43:470][  0]LogConfig: Setting CVar [[r.LightFunctionQuality:1]]
[2020.08.06-00.49.43:470][  0]LogConfig: Setting CVar [[r.ShadowQuality:5]]
[2020.08.06-00.49.43:470][  0]LogConfig: Setting CVar [[r.Shadow.CSM.MaxCascades:10]]
[2020.08.06-00.49.43:470][  0]LogConfig: Setting CVar [[r.Shadow.MaxResolution:2048]]
[2020.08.06-00.49.43:470][  0]LogConfig: Setting CVar [[r.Shadow.MaxCSMResolution:2048]]
[2020.08.06-00.49.43:470][  0]LogConfig: Setting CVar [[r.Shadow.RadiusThreshold:0.01]]
[2020.08.06-00.49.43:470][  0]LogConfig: Setting CVar [[r.Shadow.DistanceScale:1.0]]
[2020.08.06-00.49.43:470][  0]LogConfig: Setting CVar [[r.Shadow.CSM.TransitionScale:1.0]]
[2020.08.06-00.49.43:470][  0]LogConfig: Setting CVar [[r.Shadow.PreShadowResolutionFactor:1.0]]
[2020.08.06-00.49.43:470][  0]LogConfig: Setting CVar [[r.DistanceFieldShadowing:1]]
[2020.08.06-00.49.43:470][  0]LogConfig: Setting CVar [[r.DistanceFieldAO:1]]
[2020.08.06-00.49.43:470][  0]LogConfig: Setting CVar [[r.AOQuality:2]]
[2020.08.06-00.49.43:470][  0]LogConfig: Setting CVar [[r.VolumetricFog:1]]
[2020.08.06-00.49.43:470][  0]LogConfig: Setting CVar [[r.VolumetricFog.GridPixelSize:8]]
[2020.08.06-00.49.43:471][  0]LogConfig: Setting CVar [[r.VolumetricFog.GridSizeZ:128]]
[2020.08.06-00.49.43:471][  0]LogConfig: Setting CVar [[r.VolumetricFog.HistoryMissSupersampleCount:4]]
[2020.08.06-00.49.43:471][  0]LogConfig: Setting CVar [[r.LightMaxDrawDistanceScale:1]]
[2020.08.06-00.49.43:471][  0]LogConfig: Setting CVar [[r.CapsuleShadows:1]]
[2020.08.06-00.49.43:471][  0]LogConfig: Applying CVar settings from Section [PostProcessQuality@3] File [C:/Users/micha/OneDrive/Documents/GitHub/Platformer/Platformer/Saved/Config/Windows/Scalability.ini]
[2020.08.06-00.49.43:471][  0]LogConfig: Setting CVar [[r.MotionBlurQuality:4]]
[2020.08.06-00.49.43:471][  0]LogConfig: Setting CVar [[r.AmbientOcclusionMipLevelFactor:0.4]]
[2020.08.06-00.49.43:471][  0]LogConfig: Setting CVar [[r.AmbientOcclusionMaxQuality:100]]
[2020.08.06-00.49.43:471][  0]LogConfig: Setting CVar [[r.AmbientOcclusionLevels:-1]]
[2020.08.06-00.49.43:471][  0]LogConfig: Setting CVar [[r.AmbientOcclusionRadiusScale:1.0]]
[2020.08.06-00.49.43:471][  0]LogConfig: Setting CVar [[r.DepthOfFieldQuality:2]]
[2020.08.06-00.49.43:471][  0]LogConfig: Setting CVar [[r.RenderTargetPoolMin:400]]
[2020.08.06-00.49.43:471][  0]LogConfig: Setting CVar [[r.LensFlareQuality:2]]
[2020.08.06-00.49.43:471][  0]LogConfig: Setting CVar [[r.SceneColorFringeQuality:1]]
[2020.08.06-00.49.43:471][  0]LogConfig: Setting CVar [[r.EyeAdaptationQuality:2]]
[2020.08.06-00.49.43:471][  0]LogConfig: Setting CVar [[r.BloomQuality:5]]
[2020.08.06-00.49.43:471][  0]LogConfig: Setting CVar [[r.FastBlurThreshold:100]]
[2020.08.06-00.49.43:471][  0]LogConfig: Setting CVar [[r.Upscale.Quality:3]]
[2020.08.06-00.49.43:471][  0]LogConfig: Setting CVar [[r.Tonemapper.GrainQuantization:1]]
[2020.08.06-00.49.43:471][  0]LogConfig: Setting CVar [[r.LightShaftQuality:1]]
[2020.08.06-00.49.43:471][  0]LogConfig: Setting CVar [[r.Filter.SizeScale:1]]
[2020.08.06-00.49.43:471][  0]LogConfig: Setting CVar [[r.Tonemapper.Quality:5]]
[2020.08.06-00.49.43:471][  0]LogConfig: Setting CVar [[r.DOF.Gather.AccumulatorQuality:1        ; higher gathering accumulator quality]]
[2020.08.06-00.49.43:471][  0]LogConfig: Setting CVar [[r.DOF.Gather.PostfilterMethod:1          ; Median3x3 postfilering method]]
[2020.08.06-00.49.43:471][  0]LogConfig: Setting CVar [[r.DOF.Gather.EnableBokehSettings:0       ; no bokeh simulation when gathering]]
[2020.08.06-00.49.43:471][  0]LogConfig: Setting CVar [[r.DOF.Gather.RingCount:4                 ; medium number of samples when gathering]]
[2020.08.06-00.49.43:471][  0]LogConfig: Setting CVar [[r.DOF.Scatter.ForegroundCompositing:1    ; additive foreground scattering]]
[2020.08.06-00.49.43:471][  0]LogConfig: Setting CVar [[r.DOF.Scatter.BackgroundCompositing:2    ; additive background scattering]]
[2020.08.06-00.49.43:471][  0]LogConfig: Setting CVar [[r.DOF.Scatter.EnableBokehSettings:1      ; bokeh simulation when scattering]]
[2020.08.06-00.49.43:471][  0]LogConfig: Setting CVar [[r.DOF.Scatter.MaxSpriteRatio:0.1         ; only a maximum of 10% of scattered bokeh]]
[2020.08.06-00.49.43:471][  0]LogConfig: Setting CVar [[r.DOF.Recombine.Quality:1                ; cheap slight out of focus]]
[2020.08.06-00.49.43:471][  0]LogConfig: Setting CVar [[r.DOF.Recombine.EnableBokehSettings:0    ; no bokeh simulation on slight out of focus]]
[2020.08.06-00.49.43:471][  0]LogConfig: Setting CVar [[r.DOF.TemporalAAQuality:1                ; more stable temporal accumulation]]
[2020.08.06-00.49.43:471][  0]LogConfig: Setting CVar [[r.DOF.Kernel.MaxForegroundRadius:0.025]]
[2020.08.06-00.49.43:471][  0]LogConfig: Setting CVar [[r.DOF.Kernel.MaxBackgroundRadius:0.025]]
[2020.08.06-00.49.43:471][  0]LogConfig: Applying CVar settings from Section [TextureQuality@3] File [C:/Users/micha/OneDrive/Documents/GitHub/Platformer/Platformer/Saved/Config/Windows/Scalability.ini]
[2020.08.06-00.49.43:471][  0]LogConfig: Setting CVar [[r.Streaming.MipBias:0]]
[2020.08.06-00.49.43:471][  0]LogConfig: Setting CVar [[r.Streaming.AmortizeCPUToGPUCopy:0]]
[2020.08.06-00.49.43:471][  0]LogConfig: Setting CVar [[r.Streaming.MaxNumTexturesToStreamPerFrame:0]]
[2020.08.06-00.49.43:471][  0]LogConfig: Setting CVar [[r.Streaming.Boost:1]]
[2020.08.06-00.49.43:471][  0]LogConfig: Setting CVar [[r.MaxAnisotropy:8]]
[2020.08.06-00.49.43:471][  0]LogConfig: Setting CVar [[r.VT.MaxAnisotropy:8]]
[2020.08.06-00.49.43:471][  0]LogConfig: Setting CVar [[r.Streaming.LimitPoolSizeToVRAM:0]]
[2020.08.06-00.49.43:471][  0]LogConfig: Setting CVar [[r.Streaming.PoolSize:1000]]
[2020.08.06-00.49.43:471][  0]LogConfig: Setting CVar [[r.Streaming.MaxEffectiveScreenSize:0]]
[2020.08.06-00.49.43:471][  0]LogConfig: Applying CVar settings from Section [EffectsQuality@3] File [C:/Users/micha/OneDrive/Documents/GitHub/Platformer/Platformer/Saved/Config/Windows/Scalability.ini]
[2020.08.06-00.49.43:471][  0]LogConfig: Setting CVar [[r.TranslucencyLightingVolumeDim:64]]
[2020.08.06-00.49.43:471][  0]LogConfig: Setting CVar [[r.RefractionQuality:2]]
[2020.08.06-00.49.43:471][  0]LogConfig: Setting CVar [[r.SSR.Quality:3]]
[2020.08.06-00.49.43:471][  0]LogConfig: Setting CVar [[r.SSR.HalfResSceneColor:0]]
[2020.08.06-00.49.43:471][  0]LogConfig: Setting CVar [[r.SceneColorFormat:4]]
[2020.08.06-00.49.43:471][  0]LogConfig: Setting CVar [[r.DetailMode:2]]
[2020.08.06-00.49.43:471][  0]LogConfig: Setting CVar [[r.TranslucencyVolumeBlur:1]]
[2020.08.06-00.49.43:471][  0]LogConfig: Setting CVar [[r.MaterialQualityLevel:1 ; High quality]]
[2020.08.06-00.49.43:471][  0]LogConfig: Setting CVar [[r.SSS.Scale:1]]
[2020.08.06-00.49.43:471][  0]LogConfig: Setting CVar [[r.SSS.SampleSet:2]]
[2020.08.06-00.49.43:471][  0]LogConfig: Setting CVar [[r.SSS.Quality:1]]
[2020.08.06-00.49.43:471][  0]LogConfig: Setting CVar [[r.SSS.HalfRes:0]]
[2020.08.06-00.49.43:471][  0]LogConfig: Setting CVar [[r.SSGI.Quality:3]]
[2020.08.06-00.49.43:471][  0]LogConfig: Setting CVar [[r.EmitterSpawnRateScale:1.0]]
[2020.08.06-00.49.43:471][  0]LogConfig: Setting CVar [[r.ParticleLightQuality:2]]
[2020.08.06-00.49.43:471][  0]LogConfig: Setting CVar [[r.SkyAtmosphere.AerialPerspectiveLUT.FastApplyOnOpaque:1 ; Always have FastSkyLUT 1 in this case to avoid wrong sky]]
[2020.08.06-00.49.43:471][  0]LogConfig: Setting CVar [[r.SkyAtmosphere.AerialPerspectiveLUT.SampleCountPerSlice:1]]
[2020.08.06-00.49.43:471][  0]LogConfig: Setting CVar [[r.SkyAtmosphere.AerialPerspectiveLUT.DepthResolution:16.0]]
[2020.08.06-00.49.43:471][  0]LogConfig: Setting CVar [[r.SkyAtmosphere.FastSkyLUT:1]]
[2020.08.06-00.49.43:471][  0]LogConfig: Setting CVar [[r.SkyAtmosphere.FastSkyLUT.SampleCountMin:4.0]]
[2020.08.06-00.49.43:471][  0]LogConfig: Setting CVar [[r.SkyAtmosphere.FastSkyLUT.SampleCountMax:32.0]]
[2020.08.06-00.49.43:471][  0]LogConfig: Setting CVar [[r.SkyAtmosphere.SampleCountMin:4.0]]
[2020.08.06-00.49.43:471][  0]LogConfig: Setting CVar [[r.SkyAtmosphere.SampleCountMax:32.0]]
[2020.08.06-00.49.43:471][  0]LogConfig: Setting CVar [[r.SkyAtmosphere.TransmittanceLUT.UseSmallFormat:0]]
[2020.08.06-00.49.43:471][  0]LogConfig: Setting CVar [[r.SkyAtmosphere.TransmittanceLUT.SampleCount:10.0]]
[2020.08.06-00.49.43:471][  0]LogConfig: Setting CVar [[r.SkyAtmosphere.MultiScatteringLUT.SampleCount:15.0]]
[2020.08.06-00.49.43:471][  0]LogConfig: Applying CVar settings from Section [FoliageQuality@3] File [C:/Users/micha/OneDrive/Documents/GitHub/Platformer/Platformer/Saved/Config/Windows/Scalability.ini]
[2020.08.06-00.49.43:471][  0]LogConfig: Setting CVar [[foliage.DensityScale:1.0]]
[2020.08.06-00.49.43:471][  0]LogConfig: Setting CVar [[grass.DensityScale:1.0]]
[2020.08.06-00.49.43:471][  0]LogConfig: Applying CVar settings from Section [ShadingQuality@3] File [C:/Users/micha/OneDrive/Documents/GitHub/Platformer/Platformer/Saved/Config/Windows/Scalability.ini]
[2020.08.06-00.49.43:471][  0]LogConfig: Setting CVar [[r.HairStrands.SkyLighting.SampleCount:16]]
[2020.08.06-00.49.43:471][  0]LogConfig: Setting CVar [[r.HairStrands.SkyLighting.JitterIntegration:0]]
[2020.08.06-00.49.43:471][  0]LogConfig: Setting CVar [[r.HairStrands.SkyAO.SampleCount:16]]
[2020.08.06-00.49.43:471][  0]LogConfig: Setting CVar [[r.HairStrands.DeepShadow.SuperSampling:0]]
[2020.08.06-00.49.43:471][  0]LogConfig: Setting CVar [[r.HairStrands.VisibilityPPLL:0]]
[2020.08.06-00.49.43:471][  0]LogConfig: Setting CVar [[r.HairStrands.RasterizationScale:0.5]]
[2020.08.06-00.49.43:471][  0]LogConfig: Setting CVar [[r.HairStrands.VelocityRasterizationScale:1]]
[2020.08.06-00.49.43:471][  0]LogConfig: Applying CVar settings from Section [Startup] File [../../../Engine/Config/ConsoleVariables.ini]
[2020.08.06-00.49.43:472][  0]LogConfig: Setting CVar [[net.UseAdaptiveNetUpdateFrequency:0]]
[2020.08.06-00.49.43:472][  0]LogConfig: Setting CVar [[p.chaos.AllowCreatePhysxBodies:1]]
[2020.08.06-00.49.43:472][  0]LogConfig: Setting CVar [[fx.SkipVectorVMBackendOptimizations:1]]
[2020.08.06-00.49.43:472][  0]LogConfig: Applying CVar settings from Section [ConsoleVariables] File [C:/Users/micha/OneDrive/Documents/GitHub/Platformer/Platformer/Saved/Config/Windows/Engine.ini]
[2020.08.06-00.49.43:472][  0]LogInit: Computer: MICHAEL-SPRO7
[2020.08.06-00.49.43:472][  0]LogInit: User: micha
[2020.08.06-00.49.43:472][  0]LogInit: CPU Page size=4096, Cores=4
[2020.08.06-00.49.43:472][  0]LogInit: High frequency timer resolution =10.000000 MHz
[2020.08.06-00.49.43:472][  0]LogMemory: Memory total: Physical=15.6GB (16GB approx)
[2020.08.06-00.49.43:472][  0]LogMemory: Platform Memory Stats for Windows
[2020.08.06-00.49.43:472][  0]LogMemory: Process Physical Memory: 114.68 MB used, 114.68 MB peak
[2020.08.06-00.49.43:472][  0]LogMemory: Process Virtual Memory: 100.39 MB used, 100.39 MB peak
[2020.08.06-00.49.43:472][  0]LogMemory: Physical Memory: 10027.04 MB used,  5947.49 MB free, 15974.53 MB total
[2020.08.06-00.49.43:472][  0]LogMemory: Virtual Memory: 5147.51 MB used,  134212584.00 MB free, 134217728.00 MB total
[2020.08.06-00.49.43:481][  0]LogWindows: WindowsPlatformFeatures enabled
[2020.08.06-00.49.44:099][  0]LogInit: Physics initialised using underlying interface: PhysX
[2020.08.06-00.49.44:100][  0]LogInit: Using OS detected language (en-GB).
[2020.08.06-00.49.44:100][  0]LogInit: Using OS detected locale (en-NZ).
[2020.08.06-00.49.44:108][  0]LogTextLocalizationManager: No specific localization for 'en-GB' exists, so the 'en' localization will be used.
[2020.08.06-00.49.44:298][  0]LogInit: Setting process to per monitor DPI aware
[2020.08.06-00.49.44:380][  0]LogSlate: New Slate User Created.  User Index 0, Is Virtual User: 0
[2020.08.06-00.49.44:380][  0]LogSlate: Slate User Registered.  User Index 0, Is Virtual User: 0
[2020.08.06-00.49.44:539][  0]LogHMD: Failed to initialize OpenVR with code 110
[2020.08.06-00.49.44:539][  0]LogD3D11RHI: D3D11 min allowed feature level: 11_0
[2020.08.06-00.49.44:539][  0]LogD3D11RHI: D3D11 max allowed feature level: 11_0
[2020.08.06-00.49.44:539][  0]LogD3D11RHI: D3D11 adapters:
[2020.08.06-00.49.44:814][  0]LogD3D11RHI:    0. 'Intel(R) Iris(R) Plus Graphics' (Feature Level 11_0)
[2020.08.06-00.49.44:814][  0]LogD3D11RHI:       128/0/7987 MB DedicatedVideo/DedicatedSystem/SharedSystem, Outputs:1, VendorId:0x8086
[2020.08.06-00.49.44:817][  0]LogD3D11RHI:    1. 'Microsoft Basic Render Driver' (Feature Level 11_0)
[2020.08.06-00.49.44:817][  0]LogD3D11RHI:       0/0/7987 MB DedicatedVideo/DedicatedSystem/SharedSystem, Outputs:0, VendorId:0x1414
[2020.08.06-00.49.44:817][  0]LogD3D11RHI: Chosen D3D11 Adapter: 0
[2020.08.06-00.49.44:825][  0]LogD3D11RHI: Creating new Direct3DDevice
[2020.08.06-00.49.44:825][  0]LogD3D11RHI:     GPU DeviceId: 0x8a52 (for the marketing name, search the web for "GPU Device Id")
[2020.08.06-00.49.44:825][  0]LogWindows: EnumDisplayDevices:
[2020.08.06-00.49.44:825][  0]LogWindows:    0. 'Intel(R) Iris(R) Plus Graphics' (P:1 D:1)
[2020.08.06-00.49.44:825][  0]LogWindows:    1. 'Intel(R) Iris(R) Plus Graphics' (P:0 D:0)
[2020.08.06-00.49.44:826][  0]LogWindows:    2. 'Intel(R) Iris(R) Plus Graphics' (P:0 D:0)
[2020.08.06-00.49.44:826][  0]LogWindows:    3. 'Intel(R) Iris(R) Plus Graphics' (P:0 D:0)
[2020.08.06-00.49.44:826][  0]LogWindows:    4. 'Intel(R) Iris(R) Plus Graphics' (P:0 D:0)
[2020.08.06-00.49.44:827][  0]LogWindows:    5. 'Intel(R) Iris(R) Plus Graphics' (P:0 D:0)
[2020.08.06-00.49.44:827][  0]LogWindows:    6. 'Intel(R) Iris(R) Plus Graphics' (P:0 D:0)
[2020.08.06-00.49.44:827][  0]LogWindows:    7. 'Intel(R) Iris(R) Plus Graphics' (P:0 D:0)
[2020.08.06-00.49.44:827][  0]LogWindows: DebugString: FoundDriverCount:8 
[2020.08.06-00.49.44:827][  0]LogD3D11RHI:     Adapter Name: Intel(R) Iris(R) Plus Graphics
[2020.08.06-00.49.44:827][  0]LogD3D11RHI:   Driver Version: 26.20.100.7641 (internal:26.20.100.7641, unified:26.20.100.7641)
[2020.08.06-00.49.44:827][  0]LogD3D11RHI:      Driver Date: 12-21-2019
[2020.08.06-00.49.44:827][  0]LogRHI: Texture pool is 1523 MB (70% of 2176 MB)
[2020.08.06-00.49.45:050][  0]LogD3D11RHI: RHI does not have support for 64 bit atomics
[2020.08.06-00.49.45:050][  0]LogD3D11RHI: [IntelMetricsDiscovery] Started
[2020.08.06-00.49.45:050][  0]LogD3D11RHI: Async texture creation enabled
[2020.08.06-00.49.45:050][  0]LogD3D11RHI: Array index from any shader is supported
[2020.08.06-00.49.45:056][  0]LogD3D11RHI: GPU Timing Frequency: 19.200000 (Debug: 2 0)
[2020.08.06-00.49.45:498][  0]LogTargetPlatformManager: Display: Loaded TargetPlatform 'AllDesktop'
[2020.08.06-00.49.45:538][  0]LogTargetPlatformManager: Display: Loaded TargetPlatform 'Android'
[2020.08.06-00.49.45:538][  0]LogTargetPlatformManager: Display: Loaded TargetPlatform 'Android_ASTC'
[2020.08.06-00.49.45:538][  0]LogTargetPlatformManager: Display: Loaded TargetPlatform 'Android_DXT'
[2020.08.06-00.49.45:538][  0]LogTargetPlatformManager: Display: Loaded TargetPlatform 'Android_ETC2'
[2020.08.06-00.49.45:538][  0]LogTargetPlatformManager: Display: Loaded TargetPlatform 'AndroidClient'
[2020.08.06-00.49.45:538][  0]LogTargetPlatformManager: Display: Loaded TargetPlatform 'Android_ASTCClient'
[2020.08.06-00.49.45:538][  0]LogTargetPlatformManager: Display: Loaded TargetPlatform 'Android_DXTClient'
[2020.08.06-00.49.45:538][  0]LogTargetPlatformManager: Display: Loaded TargetPlatform 'Android_ETC2Client'
[2020.08.06-00.49.45:538][  0]LogTargetPlatformManager: Display: Loaded TargetPlatform 'Android_Multi'
[2020.08.06-00.49.45:538][  0]LogTargetPlatformManager: Display: Loaded TargetPlatform 'Android_MultiClient'
[2020.08.06-00.49.45:614][  0]LogTargetPlatformManager: Display: Loaded TargetPlatform 'IOSClient'
[2020.08.06-00.49.45:614][  0]LogTargetPlatformManager: Display: Loaded TargetPlatform 'IOS'
[2020.08.06-00.49.45:643][  0]LogTargetPlatformManager: Display: Loaded TargetPlatform 'Linux'
[2020.08.06-00.49.45:668][  0]LogTargetPlatformManager: Display: Loaded TargetPlatform 'LinuxNoEditor'
[2020.08.06-00.49.45:693][  0]LogTargetPlatformManager: Display: Loaded TargetPlatform 'LinuxClient'
[2020.08.06-00.49.45:718][  0]LogTargetPlatformManager: Display: Loaded TargetPlatform 'LinuxServer'
[2020.08.06-00.49.45:743][  0]LogTargetPlatformManager: Display: Loaded TargetPlatform 'LinuxAArch64NoEditor'
[2020.08.06-00.49.45:771][  0]LogTargetPlatformManager: Display: Loaded TargetPlatform 'LinuxAArch64Client'
[2020.08.06-00.49.45:799][  0]LogTargetPlatformManager: Display: Loaded TargetPlatform 'LinuxAArch64Server'
[2020.08.06-00.49.45:844][  0]LogTargetPlatformManager: Display: Loaded TargetPlatform 'Lumin'
[2020.08.06-00.49.45:844][  0]LogTargetPlatformManager: Display: Loaded TargetPlatform 'LuminClient'
[2020.08.06-00.49.45:883][  0]LogTargetPlatformManager: Display: Loaded TargetPlatform 'TVOSClient'
[2020.08.06-00.49.45:883][  0]LogTargetPlatformManager: Display: Loaded TargetPlatform 'TVOS'
[2020.08.06-00.49.45:914][  0]LogTargetPlatformManager: Display: Loaded TargetPlatform 'WindowsNoEditor'
[2020.08.06-00.49.45:943][  0]LogTargetPlatformManager: Display: Loaded TargetPlatform 'Windows'
[2020.08.06-00.49.45:971][  0]LogTargetPlatformManager: Display: Loaded TargetPlatform 'WindowsClient'
[2020.08.06-00.49.46:007][  0]LogTargetPlatformManager: Display: Loaded TargetPlatform 'WindowsServer'
[2020.08.06-00.49.46:007][  0]LogTargetPlatformManager: Display: Building Assets For Windows
[2020.08.06-00.49.46:269][  0]LogAudioDebug: Display: Lib vorbis DLL was dynamically loaded.
[2020.08.06-00.49.46:881][  0]LogShaderCompilers: Guid format shader working directory is -32 characters bigger than the processId version (../../../../../../Users/micha/OneDrive/Documents/GitHub/Platformer/Platformer/Intermediate/Shaders/WorkingDirectory/21956/).
[2020.08.06-00.49.46:881][  0]LogShaderCompilers: Cleaned the shader compiler working directory 'C:/Users/micha/AppData/Local/Temp/UnrealShaderWorkingDir/E38692254350E8B13A77219A927AE60B/'.
[2020.08.06-00.49.46:882][  0]LogXGEController: Cleaning working directory: C:/Users/micha/AppData/Local/Temp/UnrealXGEWorkingDir/
[2020.08.06-00.49.46:882][  0]LogXGEController: Cannot use XGE Controller as Incredibuild is not installed on this machine.
[2020.08.06-00.49.46:882][  0]LogShaderCompilers: Cannot use XGE Shader Compiler as Incredibuild is not installed on this machine.
[2020.08.06-00.49.46:882][  0]LogShaderCompilers: Display: Using Local Shader Compiler.
[2020.08.06-00.49.47:652][  0]LogDerivedDataCache: Display: Max Cache Size: 512 MB
[2020.08.06-00.49.47:699][  0]LogDerivedDataCache: Loaded boot cache 0.05s 76MB C:/Users/micha/AppData/Local/UnrealEngine/4.25/DerivedDataCache/Boot.ddc.
[2020.08.06-00.49.47:699][  0]LogDerivedDataCache: Display: Loaded Boot cache: C:/Users/micha/AppData/Local/UnrealEngine/4.25/DerivedDataCache/Boot.ddc
[2020.08.06-00.49.47:700][  0]LogDerivedDataCache: FDerivedDataBackendGraph:  Pak pak cache file ../../../../../../Users/micha/OneDrive/Documents/GitHub/Platformer/Platformer/DerivedDataCache/DDC.ddp not found, will not use a pak cache.
[2020.08.06-00.49.47:700][  0]LogDerivedDataCache: Unable to find inner node Pak for hierarchical cache Hierarchy.
[2020.08.06-00.49.47:700][  0]LogDerivedDataCache: FDerivedDataBackendGraph:  CompressedPak pak cache file ../../../../../../Users/micha/OneDrive/Documents/GitHub/Platformer/Platformer/DerivedDataCache/Compressed.ddp not found, will not use a pak cache.
[2020.08.06-00.49.47:700][  0]LogDerivedDataCache: Unable to find inner node CompressedPak for hierarchical cache Hierarchy.
[2020.08.06-00.49.47:711][  0]LogDerivedDataCache: Display: Pak cache opened for reading ../../../Engine/DerivedDataCache/Compressed.ddp.
[2020.08.06-00.49.47:711][  0]LogDerivedDataCache: FDerivedDataBackendGraph:  EnterprisePak pak cache file ../../../Enterprise/DerivedDataCache/Compressed.ddp not found, will not use a pak cache.
[2020.08.06-00.49.47:711][  0]LogDerivedDataCache: Unable to find inner node EnterprisePak for hierarchical cache Hierarchy.
[2020.08.06-00.49.47:718][  0]LogDerivedDataCache: Using Local data cache path C:/Users/micha/AppData/Local/UnrealEngine/Common/DerivedDataCache: Writable
[2020.08.06-00.49.47:718][  0]LogDerivedDataCache: Shared data cache path not found in *engine.ini, will not use an Shared cache.
[2020.08.06-00.49.47:718][  0]LogDerivedDataCache: Unable to find inner node Shared for hierarchical cache Hierarchy.
[2020.08.06-00.49.47:767][  0]LogSlate: Using FreeType 2.10.0
[2020.08.06-00.49.47:768][  0]LogSlate: SlateFontServices - WITH_FREETYPE: 1, WITH_HARFBUZZ: 1
[2020.08.06-00.49.47:809][  0]LogAssetRegistry: FAssetRegistry took 0.0035 seconds to start up
[2020.08.06-00.49.48:048][  0]LogInit: Selected Device Profile: [Windows]
[2020.08.06-00.49.49:715][  0]LogMeshReduction: Using QuadricMeshReduction for automatic static mesh reduction
[2020.08.06-00.49.49:715][  0]LogMeshReduction: Using SimplygonMeshReduction for automatic skeletal mesh reduction
[2020.08.06-00.49.49:715][  0]LogMeshReduction: Using ProxyLODMeshReduction for automatic mesh merging
[2020.08.06-00.49.49:715][  0]LogMeshReduction: No distributed automatic mesh merging module available
[2020.08.06-00.49.49:715][  0]LogMeshMerging: No distributed automatic mesh merging module available
[2020.08.06-00.49.49:748][  0]LogNetVersion: Platformer 1.0.0, NetCL: 13144385, EngineNetVer: 14, GameNetVer: 0 (Checksum: 1653665934)
[2020.08.06-00.49.50:158][  0]LogAISub: UAISubsystem::UAISubsystem AISubsystem (00000219D62EE080), frame # 0
[2020.08.06-00.49.50:159][  0]LogAISub: UAISubsystem::UAISubsystem AIPerceptionSystem (00000219D90651C0), frame # 0
[2020.08.06-00.49.50:160][  0]LogAISub: UAISubsystem::UAISubsystem EnvQueryManager (00000219D90C9E00), frame # 0
[2020.08.06-00.49.50:278][  0]LogPackageLocalizationCache: Processed 19 localized package path(s) for 1 prioritized culture(s) in 0.113082 seconds
[2020.08.06-00.49.50:282][  0]LogUObjectArray: 15917 objects as part of root set at end of initial load.
[2020.08.06-00.49.50:282][  0]LogUObjectAllocator: 3965568 out of 0 bytes used by permanent object pool.
[2020.08.06-00.49.50:282][  0]LogUObjectArray: CloseDisregardForGC: 0/0 objects in disregard for GC pool
[2020.08.06-00.49.52:777][  0]LogTcpMessaging: Initializing TcpMessaging bridge
[2020.08.06-00.49.52:810][  0]LogUdpMessaging: Initializing bridge on interface 0.0.0.0:0 to multicast group 230.0.0.1:6666.
[2020.08.06-00.49.53:462][  0]SourceControl: Source control is disabled
[2020.08.06-00.49.56:724][  0]LogAndroidPermission: UAndroidPermissionCallbackProxy::GetInstance
[2020.08.06-00.49.56:837][  0]LogAudioCaptureCore: Display: No Audio Capture implementations found. Audio input will be silent.
[2020.08.06-00.49.56:837][  0]LogAudioCaptureCore: Display: No Audio Capture implementations found. Audio input will be silent.
[2020.08.06-00.49.57:083][  0]LogOcInput: OculusInput pre-init called
[2020.08.06-00.49.57:148][  0]LogWindows: Failed to load 'OVRPlugin.dll' (GetLastError=126)
[2020.08.06-00.49.57:148][  0]LogWindows: File 'OVRPlugin.dll' does not exist
[2020.08.06-00.49.57:376][  0]LogEngine: Initializing Engine...
[2020.08.06-00.49.57:377][  0]LogHMD: Failed to initialize OpenVR with code 110
[2020.08.06-00.49.57:377][  0]LogMagicLeap: Warning: VR disabled because ZI is not enabled.  To enable, in the editor, Edit -> Project Settings -> Plugins -> Magic Leap Plugin -> Enable Zero Iteration
[2020.08.06-00.49.57:378][  0]LogStats: UGameplayTagsManager::InitializeManager -  0.000 s
[2020.08.06-00.49.57:498][  0]LogInit: Initializing FReadOnlyCVARCache
[2020.08.06-00.49.57:534][  0]LogAIModule: Creating AISystem for world Untitled
[2020.08.06-00.49.57:534][  0]LogAISub: UAISubsystem::UAISubsystem EnvQueryManager (00000219DDAB7C00), frame # 0
[2020.08.06-00.49.57:534][  0]LogAISub: UAISubsystem::UAISubsystem AIPerceptionSystem (00000219DDB0A5C0), frame # 0
[2020.08.06-00.49.57:556][  0]LogAudioMixer: Display: Audio Mixer Platform Settings:
[2020.08.06-00.49.57:556][  0]LogAudioMixer: Display: 	Sample Rate:						  48000
[2020.08.06-00.49.57:556][  0]LogAudioMixer: Display: 	Callback Buffer Frame Size Requested: 1024
[2020.08.06-00.49.57:556][  0]LogAudioMixer: Display: 	Callback Buffer Frame Size To Use:	  1024
[2020.08.06-00.49.57:556][  0]LogAudioMixer: Display: 	Number of buffers to queue:			  2
[2020.08.06-00.49.57:556][  0]LogAudioMixer: Display: 	Max Channels (voices):				  32
[2020.08.06-00.49.57:556][  0]LogAudioMixer: Display: 	Number of Async Source Workers:		  0
[2020.08.06-00.49.57:556][  0]LogAudio: Display: AudioDevice MaxSources: 32
[2020.08.06-00.49.57:557][  0]LogAudio: Display: Using built-in audio occlusion.
[2020.08.06-00.49.57:557][  0]LogAudioMixer: Display: Initializing audio mixer.
[2020.08.06-00.49.57:609][  0]LogAudioMixer: Display: 0: FrontLeft
[2020.08.06-00.49.57:609][  0]LogAudioMixer: Display: 1: FrontRight
[2020.08.06-00.49.57:657][  0]LogAudioMixer: Display: Using Audio Device Speakers (Realtek High Definition Audio(SST))
[2020.08.06-00.49.57:659][  0]LogAudioMixer: Display: Initializing Sound Submixes...
[2020.08.06-00.49.57:661][  0]LogAudioMixer: Display: Creating Master Submix 'MasterSubmixDefault'
[2020.08.06-00.49.57:662][  0]LogAudioMixer: Display: Creating Master Submix 'MasterReverbSubmixDefault'
[2020.08.06-00.49.57:662][  0]LogAudioMixer: Display: Creating Master Submix 'MasterEQSubmixDefault'
[2020.08.06-00.49.57:664][  0]LogInit: FAudioDevice initialized.
[2020.08.06-00.49.57:665][  0]LogNetVersion: Set ProjectVersion to 1.0.0.0. Version Checksum will be recalculated on next use.
[2020.08.06-00.49.57:719][  0]LogDerivedDataCache: Saved boot cache 0.05s 76MB C:/Users/micha/AppData/Local/UnrealEngine/4.25/DerivedDataCache/Boot.ddc.
[2020.08.06-00.49.57:722][  0]LogInit: Texture streaming: Enabled
[2020.08.06-00.49.57:805][  0]LogEngineSessionManager: EngineSessionManager initialized
[2020.08.06-00.49.57:805][  0]LogEditorSessionSummary: Verbose: Initializing EditorSessionSummaryWriter for editor session tracking
[2020.08.06-00.49.57:810][  0]LogEditorSessionSummary: EditorSessionSummaryWriter initialized
[2020.08.06-00.49.57:985][  0]LogInit: Transaction tracking system initialized
[2020.08.06-00.49.58:157][  0]BlueprintLog: New page: Editor Load
[2020.08.06-00.49.58:893][  0]LocalizationService: Localization service is disabled
[2020.08.06-00.49.59:624][  0]LogCook: Display: Max memory allowance for cook 16384mb min free memory 0mb
[2020.08.06-00.49.59:624][  0]LogCook: Display: Mobile HDR setting 1
[2020.08.06-00.50.01:137][  0]LogFileCache: Scanning file cache for directory 'C:/Users/micha/OneDrive/Documents/GitHub/Platformer/Platformer/Content/' took 0.16s
[2020.08.06-00.50.02:038][  0]LogUnrealEdMisc: Loading editor; pre map load, took 21.942
[2020.08.06-00.50.02:038][  0]Cmd: MAP LOAD FILE="../../../../../../Users/micha/OneDrive/Documents/GitHub/Platformer/Platformer/Content/ThirdPersonBP/Maps/ThirdPersonExampleMap.umap" TEMPLATE=0 SHOWPROGRESS=1 FEATURELEVEL=3
[2020.08.06-00.50.02:039][  0]LightingResults: New page: Lighting Build
[2020.08.06-00.50.02:040][  0]LogWorld: UWorld::CleanupWorld for Untitled, bSessionEnded=true, bCleanupResources=true
[2020.08.06-00.50.02:040][  0]LogSlate: InvalidateAllWidgets triggered.  All widgets were invalidated
[2020.08.06-00.50.02:040][  0]MapCheck: New page: Map Check
[2020.08.06-00.50.02:040][  0]LightingResults: New page: Lighting Build
[2020.08.06-00.50.02:049][  0]LogAISub: UAISubsystem::~UAISubsystem EnvQueryManager (00000219DDAB7C00), frame # 0
[2020.08.06-00.50.02:049][  0]LogAISub: UAISubsystem::~UAISubsystem AIPerceptionSystem (00000219DDB0A5C0), frame # 0
[2020.08.06-00.50.02:050][  0]LogUObjectHash: Compacting FUObjectHashTables data took   0.55ms
[2020.08.06-00.50.02:385][  0]LogAIModule: Creating AISystem for world ThirdPersonExampleMap
[2020.08.06-00.50.02:385][  0]LogAISub: UAISubsystem::UAISubsystem EnvQueryManager (00000219CE20FE00), frame # 0
[2020.08.06-00.50.02:385][  0]LogAISub: UAISubsystem::UAISubsystem AIPerceptionSystem (00000219CE281300), frame # 0
[2020.08.06-00.50.02:398][  0]LogEditorServer: Finished looking for orphan Actors (0.000 secs)
[2020.08.06-00.50.02:425][  0]LogUObjectHash: Compacting FUObjectHashTables data took   0.82ms
[2020.08.06-00.50.02:425][  0]Cmd: MAP CHECKDEP NOCLEARLOG
[2020.08.06-00.50.02:426][  0]MapCheck: Map check complete: 0 Error(s), 0 Warning(s), took 0.204ms to complete.
[2020.08.06-00.50.02:426][  0]LogFileHelpers: Loading map 'ThirdPersonExampleMap' took 0.387
[2020.08.06-00.50.02:428][  0]LogUnrealEdMisc: Total Editor Startup Time, took 22.332
[2020.08.06-00.50.02:589][  0]LogSlate: Updating window title bar state: overlay mode, drag disabled, window buttons hidden, title bar hidden
[2020.08.06-00.50.02:598][  0]LogSlate: Updating window title bar state: overlay mode, drag disabled, window buttons hidden, title bar hidden
[2020.08.06-00.50.02:607][  0]LogSlate: Updating window title bar state: overlay mode, drag disabled, window buttons hidden, title bar hidden
[2020.08.06-00.50.02:617][  0]LogSlate: Updating window title bar state: overlay mode, drag disabled, window buttons hidden, title bar hidden
[2020.08.06-00.50.02:661][  0]LogCollectionManager: Loaded 0 collections in 0.007517 seconds
[2020.08.06-00.50.02:680][  0]LogFileCache: Scanning file cache for directory 'C:/Users/micha/OneDrive/Documents/GitHub/Platformer/Platformer/Saved/Collections/' took 0.00s
[2020.08.06-00.50.02:680][  0]LogFileCache: Scanning file cache for directory 'C:/Users/micha/OneDrive/Documents/GitHub/Platformer/Platformer/Content/Developers/micha/Collections/' took 0.00s
[2020.08.06-00.50.02:680][  0]LogFileCache: Scanning file cache for directory 'C:/Users/micha/OneDrive/Documents/GitHub/Platformer/Platformer/Content/Collections/' took 0.00s
[2020.08.06-00.50.02:680][  0]LogContentBrowser: Native class hierarchy populated in 0.0134 seconds. Added 3427 classes and 821 folders.
[2020.08.06-00.50.02:684][  0]LogContentBrowser: Native class hierarchy updated for 'WidgetCarousel' in 0.0003 seconds. Added 0 classes and 0 folders.
[2020.08.06-00.50.02:778][  0]LogContentBrowser: Native class hierarchy updated for 'AddContentDialog' in 0.0004 seconds. Added 0 classes and 0 folders.
[2020.08.06-00.50.02:780][  0]LogContentBrowser: Native class hierarchy updated for 'SceneOutliner' in 0.0004 seconds. Added 2 classes and 0 folders.
[2020.08.06-00.50.02:844][  0]LogSlate: Took 0.000325 seconds to synchronously load lazily loaded font '../../../Engine/Content/Slate/Fonts/Roboto-Regular.ttf' (155K)
[2020.08.06-00.50.02:847][  0]LogSlate: Took 0.000284 seconds to synchronously load lazily loaded font '../../../Engine/Content/Slate/Fonts/Roboto-Bold.ttf' (160K)
[2020.08.06-00.50.02:854][  0]LogSlate: Took 0.000256 seconds to synchronously load lazily loaded font '../../../Engine/Content/Editor/Slate/Fonts/FontAwesome.ttf' (139K)
[2020.08.06-00.50.02:947][  0]LogRenderer: Reallocating scene render targets to support 544x332 Format 10 NumSamples 1 (Frame:1).
[2020.08.06-00.50.03:494][  0]LogContentBrowser: Native class hierarchy updated for 'HierarchicalLODOutliner' in 0.0003 seconds. Added 0 classes and 0 folders.
[2020.08.06-00.50.03:494][  0]LogLoad: (Engine Initialization) Total time: 23.40 seconds
[2020.08.06-00.50.03:494][  0]LogLoad: (Engine Initialization) Total Blueprint compile time: 0.00 seconds
[2020.08.06-00.50.03:672][  0]LogAssetRegistry: Asset discovery search completed in 15.8644 seconds
[2020.08.06-00.50.03:679][  0]LogCollectionManager: Fixed up redirectors for 0 collections in 0.000004 seconds (updated 0 objects)
[2020.08.06-00.50.03:685][  0]LogContentStreaming: Texture pool size now 1000 MB
[2020.08.06-00.50.04:547][ 10]LogSlate: Took 0.000218 seconds to synchronously load lazily loaded font '../../../Engine/Content/Slate/Fonts/Roboto-Light.ttf' (167K)
[2020.08.06-00.50.15:827][771]LogMetaData: Removing '/Game/Audio/MachinimaSound_com_-_Shadows_of_the_Mind_Cue_Blueprint.MachinimaSound_com_-_Shadows_of_the_Mind_Cue_Blueprint:UserConstructionScript.K2Node_FunctionEntry_0' ref from Metadata '/Game/Levels/MachinimaSound_com_-_Shadows_of_the_Mind_Cue_Blueprint.PackageMetaData'
[2020.08.06-00.50.15:827][771]LogMetaData: Removing '/Game/Audio/MachinimaSound_com_-_Shadows_of_the_Mind_Cue_Blueprint.MachinimaSound_com_-_Shadows_of_the_Mind_Cue_Blueprint_C' ref from Metadata '/Game/Levels/MachinimaSound_com_-_Shadows_of_the_Mind_Cue_Blueprint.PackageMetaData'
[2020.08.06-00.50.15:828][771]LogMetaData: Removing '/Game/Audio/MachinimaSound_com_-_Shadows_of_the_Mind_Cue_Blueprint.SKEL_MachinimaSound_com_-_Shadows_of_the_Mind_Cue_Blueprint_C:UserConstructionScript' ref from Metadata '/Game/Levels/MachinimaSound_com_-_Shadows_of_the_Mind_Cue_Blueprint.PackageMetaData'
[2020.08.06-00.50.15:828][771]LogMetaData: Removing '/Game/Audio/MachinimaSound_com_-_Shadows_of_the_Mind_Cue_Blueprint.SKEL_MachinimaSound_com_-_Shadows_of_the_Mind_Cue_Blueprint_C' ref from Metadata '/Game/Levels/MachinimaSound_com_-_Shadows_of_the_Mind_Cue_Blueprint.PackageMetaData'
[2020.08.06-00.50.15:899][771]LogSavePackage: Moving '../../../../../../Users/micha/OneDrive/Documents/GitHub/Platformer/Platformer/Saved/MachinimaSound_com_-_Shadows_of_7F1FC1E04F1A07D5E78FC195D969919B.tmp' to '../../../../../../Users/micha/OneDrive/Documents/GitHub/Platformer/Platformer/Content/Audio/MachinimaSound_com_-_Shadows_of_the_Mind_Cue_Blueprint.uasset'
[2020.08.06-00.50.16:259][771]LogSavePackage: Moving '../../../../../../Users/micha/OneDrive/Documents/GitHub/Platformer/Platformer/Saved/MachinimaSound_com_-_Shadows_of_F3581E9C4EC8525BCF724FAF3038A758.tmp' to '../../../../../../Users/micha/OneDrive/Documents/GitHub/Platformer/Platformer/Content/Levels/MachinimaSound_com_-_Shadows_of_the_Mind_Cue_Blueprint.uasset'
[2020.08.06-00.50.16:941][771]AssetCheck: New page: Asset Save: multiple assets
[2020.08.06-00.50.16:941][771]LogContentValidation: Display: Validating Blueprint /Game/Audio/MachinimaSound_com_-_Shadows_of_the_Mind_Cue_Blueprint.MachinimaSound_com_-_Shadows_of_the_Mind_Cue_Blueprint
[2020.08.06-00.50.16:941][771]LogContentValidation: Display: Validating ObjectRedirector /Game/Levels/MachinimaSound_com_-_Shadows_of_the_Mind_Cue_Blueprint.MachinimaSound_com_-_Shadows_of_the_Mind_Cue_Blueprint
[2020.08.06-00.50.16:941][771]LogContentValidation: Display: Validating ObjectRedirector /Game/Levels/MachinimaSound_com_-_Shadows_of_the_Mind_Cue_Blueprint.Default__MachinimaSound_com_-_Shadows_of_the_Mind_Cue_Blueprint_C
[2020.08.06-00.50.16:941][771]LogContentValidation: Display: Validating ObjectRedirector /Game/Levels/MachinimaSound_com_-_Shadows_of_the_Mind_Cue_Blueprint.MachinimaSound_com_-_Shadows_of_the_Mind_Cue_Blueprint_C
[2020.08.06-00.50.35:011][318]LogEditorViewport: Clicking on Actor (LMB): DocumentationActor (DocumentationActor1)
[2020.08.06-00.50.47:139][158]LogEditorViewport: Clicking on Actor (LMB): EnemyCharacter_C (EnemyCharacter)
[2020.08.06-00.50.51:340][418]LogTemp: Repeating last play command: New Editor Window (PIE)
[2020.08.06-00.50.51:371][418]LogPlayLevel: PlayLevel: No blueprints needed recompiling
[2020.08.06-00.50.51:372][418]PIE: New page: PIE session: ThirdPersonExampleMap (7/08/2020, 12:50:51 am)
[2020.08.06-00.50.51:374][418]LogOnline: OSS: Creating online subsystem instance for: NULL
[2020.08.06-00.50.51:376][418]LogOnline: OSS: TryLoadSubsystemAndSetDefault: Loaded subsystem for module [NULL]
[2020.08.06-00.50.51:376][418]LogPlayLevel: Creating play world package: /Game/ThirdPersonBP/Maps/UEDPIE_0_ThirdPersonExampleMap
[2020.08.06-00.50.51:394][418]LogPlayLevel: PIE: StaticDuplicateObject took: (0.018207s)
[2020.08.06-00.50.51:395][418]LogAIModule: Creating AISystem for world ThirdPersonExampleMap
[2020.08.06-00.50.51:395][418]LogAISub: UAISubsystem::UAISubsystem EnvQueryManager (00000219FB60BE00), frame # 2418
[2020.08.06-00.50.51:395][418]LogAISub: UAISubsystem::UAISubsystem AIPerceptionSystem (00000219FB6296C0), frame # 2418
[2020.08.06-00.50.51:396][418]LogPlayLevel: PIE: World Init took: (0.001436s)
[2020.08.06-00.50.51:396][418]LogPlayLevel: PIE: Created PIE world by copying editor world from /Game/ThirdPersonBP/Maps/ThirdPersonExampleMap.ThirdPersonExampleMap to /Game/ThirdPersonBP/Maps/UEDPIE_0_ThirdPersonExampleMap.ThirdPersonExampleMap (0.019845s)
[2020.08.06-00.50.51:408][418]LogUObjectHash: Compacting FUObjectHashTables data took   0.73ms
[2020.08.06-00.50.51:409][418]LogAudioMixer: Display: Audio Mixer Platform Settings:
[2020.08.06-00.50.51:410][418]LogAudioMixer: Display: 	Sample Rate:						  48000
[2020.08.06-00.50.51:410][418]LogAudioMixer: Display: 	Callback Buffer Frame Size Requested: 1024
[2020.08.06-00.50.51:410][418]LogAudioMixer: Display: 	Callback Buffer Frame Size To Use:	  1024
[2020.08.06-00.50.51:410][418]LogAudioMixer: Display: 	Number of buffers to queue:			  2
[2020.08.06-00.50.51:410][418]LogAudioMixer: Display: 	Max Channels (voices):				  32
[2020.08.06-00.50.51:410][418]LogAudioMixer: Display: 	Number of Async Source Workers:		  0
[2020.08.06-00.50.51:410][418]LogAudio: Display: AudioDevice MaxSources: 32
[2020.08.06-00.50.51:410][418]LogAudio: Display: Using built-in audio occlusion.
[2020.08.06-00.50.51:410][418]LogAudioMixer: Display: Initializing audio mixer.
[2020.08.06-00.50.51:419][418]LogAudioMixer: Display: 0: FrontLeft
[2020.08.06-00.50.51:419][418]LogAudioMixer: Display: 1: FrontRight
[2020.08.06-00.50.51:469][418]LogAudioMixer: Display: Using Audio Device Speakers (Realtek High Definition Audio(SST))
[2020.08.06-00.50.51:470][418]LogAudioMixer: Display: Initializing Sound Submixes...
[2020.08.06-00.50.51:470][418]LogAudioMixer: Display: Creating Master Submix 'MasterSubmixDefault'
[2020.08.06-00.50.51:470][418]LogAudioMixer: Display: Creating Master Submix 'MasterReverbSubmixDefault'
[2020.08.06-00.50.51:470][418]LogAudioMixer: Display: Creating Master Submix 'MasterEQSubmixDefault'
[2020.08.06-00.50.51:481][418]LogInit: FAudioDevice initialized.
[2020.08.06-00.50.51:529][418]LogSlate: Updating window title bar state: overlay mode, drag disabled, window buttons hidden, title bar hidden
[2020.08.06-00.50.51:529][418]LogLoad: Game class is 'ThirdPersonGameMode_C'
[2020.08.06-00.50.51:534][418]LogWorld: Bringing World /Game/ThirdPersonBP/Maps/UEDPIE_0_ThirdPersonExampleMap.ThirdPersonExampleMap up for play (max tick rate 0) at 2020.08.06-12.50.51
[2020.08.06-00.50.51:535][418]LogWorld: Bringing up level for play took: 0.004198
[2020.08.06-00.50.51:536][418]LogOnline: OSS: Creating online subsystem instance for: :Context_4
[2020.08.06-00.50.51:542][418]LogContentBrowser: Native class hierarchy updated for 'MovieSceneCapture' in 0.0006 seconds. Added 20 classes and 0 folders.
[2020.08.06-00.50.51:549][418]PIE: Server logged in
[2020.08.06-00.50.51:551][418]PIE: Play in editor total start time 0.184 seconds.
[2020.08.06-00.50.51:825][419]LogRenderer: Reallocating scene render targets to support 1280x720 Format 10 NumSamples 1 (Frame:1).
[2020.08.06-00.50.57:914][575]LogSlate: Updating window title bar state: overlay mode, drag disabled, window buttons hidden, title bar hidden
[2020.08.06-00.50.57:915][575]LogWorld: BeginTearingDown for /Game/ThirdPersonBP/Maps/UEDPIE_0_ThirdPersonExampleMap
[2020.08.06-00.50.57:915][575]LogSlate: Window 'Platformer Preview [NetMode: Standalone] (64-bit/Windows) ' being destroyed
[2020.08.06-00.50.57:926][575]LogWorld: UWorld::CleanupWorld for ThirdPersonExampleMap, bSessionEnded=true, bCleanupResources=true
[2020.08.06-00.50.57:927][575]LogSlate: InvalidateAllWidgets triggered.  All widgets were invalidated
[2020.08.06-00.50.57:940][575]LogPlayLevel: Display: Shutting down PIE online subsystems
[2020.08.06-00.50.57:942][575]LogSlate: InvalidateAllWidgets triggered.  All widgets were invalidated
[2020.08.06-00.50.57:991][575]LogAISub: UAISubsystem::~UAISubsystem AIPerceptionSystem (00000219FB6296C0), frame # 2575
[2020.08.06-00.50.57:991][575]LogAISub: UAISubsystem::~UAISubsystem EnvQueryManager (00000219FB60BE00), frame # 2575
[2020.08.06-00.50.57:992][575]LogUObjectHash: Compacting FUObjectHashTables data took   0.86ms
[2020.08.06-00.50.58:045][576]LogPlayLevel: Display: Destroying online subsystem :Context_4
[2020.08.06-00.51.15:787][618]LogAssetEditorSubsystem: Opening Asset editor for World /Game/Levels/Tutorial.Tutorial
[2020.08.06-00.51.15:803][618]LogUObjectHash: Compacting FUObjectHashTables data took   0.99ms
[2020.08.06-00.51.17:784][618]LogSlate: Window 'Save Content' being destroyed
[2020.08.06-00.51.18:032][618]LogSavePackage: Moving '../../../../../../Users/micha/OneDrive/Documents/GitHub/Platformer/Platformer/Saved/MachinimaSound_com_-_Shadows_of_37A82BB2441A6A3ADD91CB9C35A8D05A.tmp' to '../../../../../../Users/micha/OneDrive/Documents/GitHub/Platformer/Platformer/Content/Audio/MachinimaSound_com_-_Shadows_of_the_Mind_Cue_Blueprint.uasset'
[2020.08.06-00.51.18:040][618]Cmd: MAP LOAD FILE="../../../../../../Users/micha/OneDrive/Documents/GitHub/Platformer/Platformer/Content/Levels/Tutorial.umap" TEMPLATE=0 SHOWPROGRESS=1 FEATURELEVEL=3
[2020.08.06-00.51.18:040][618]LightingResults: New page: Lighting Build
[2020.08.06-00.51.18:041][618]LoadErrors: New page: Loading map: Tutorial.umap
[2020.08.06-00.51.18:043][618]LogWorld: UWorld::CleanupWorld for ThirdPersonExampleMap, bSessionEnded=true, bCleanupResources=true
[2020.08.06-00.51.18:043][618]LogSlate: InvalidateAllWidgets triggered.  All widgets were invalidated
[2020.08.06-00.51.18:043][618]MapCheck: New page: Map Check
[2020.08.06-00.51.18:043][618]LightingResults: New page: Lighting Build
[2020.08.06-00.51.18:054][618]LogAISub: UAISubsystem::~UAISubsystem EnvQueryManager (00000219CE20FE00), frame # 3618
[2020.08.06-00.51.18:054][618]LogAISub: UAISubsystem::~UAISubsystem AIPerceptionSystem (00000219CE281300), frame # 3618
[2020.08.06-00.51.18:055][618]LogUObjectHash: Compacting FUObjectHashTables data took   0.75ms
[2020.08.06-00.51.18:062][618]LogEditorServer: Finished looking for orphan Actors (0.000 secs)
[2020.08.06-00.51.18:062][618]LogAIModule: Creating AISystem for world Tutorial
[2020.08.06-00.51.18:062][618]LogAISub: UAISubsystem::UAISubsystem EnvQueryManager (00000219CE49DA00), frame # 3618
[2020.08.06-00.51.18:062][618]LogAISub: UAISubsystem::UAISubsystem AIPerceptionSystem (00000219DD6DD080), frame # 3618
[2020.08.06-00.51.18:076][618]LogUObjectHash: Compacting FUObjectHashTables data took   0.53ms
[2020.08.06-00.51.18:116][618]Cmd: MAP CHECKDEP NOCLEARLOG
[2020.08.06-00.51.18:116][618]MapCheck: Map check complete: 0 Error(s), 0 Warning(s), took 0.157ms to complete.
[2020.08.06-00.51.18:116][618]LogFileHelpers: Loading map 'Tutorial' took 0.077
[2020.08.06-00.51.18:180][618]AssetCheck: New page: Asset Save: MachinimaSound_com_-_Shadows_of_the_Mind_Cue_Blueprint
[2020.08.06-00.51.18:180][618]LogContentValidation: Display: Validating Blueprint /Game/Audio/MachinimaSound_com_-_Shadows_of_the_Mind_Cue_Blueprint.MachinimaSound_com_-_Shadows_of_the_Mind_Cue_Blueprint
[2020.08.06-00.54.28:352][975]LogTemp: Repeating last play command: New Editor Window (PIE)
[2020.08.06-00.54.28:376][975]LogPlayLevel: PlayLevel: No blueprints needed recompiling
[2020.08.06-00.54.28:376][975]PIE: New page: PIE session: Tutorial (7/08/2020, 12:54:28 am)
[2020.08.06-00.54.28:376][975]LogPlayLevel: Creating play world package: /Game/Levels/UEDPIE_0_Tutorial
[2020.08.06-00.54.28:389][975]LogPlayLevel: PIE: StaticDuplicateObject took: (0.013551s)
[2020.08.06-00.54.28:390][975]LogAIModule: Creating AISystem for world Tutorial
[2020.08.06-00.54.28:390][975]LogAISub: UAISubsystem::UAISubsystem EnvQueryManager (0000021990FCD000), frame # 9975
[2020.08.06-00.54.28:390][975]LogAISub: UAISubsystem::UAISubsystem AIPerceptionSystem (00000219F8C8ED40), frame # 9975
[2020.08.06-00.54.28:391][975]LogPlayLevel: PIE: World Init took: (0.001197s)
[2020.08.06-00.54.28:391][975]LogPlayLevel: PIE: Created PIE world by copying editor world from /Game/Levels/Tutorial.Tutorial to /Game/Levels/UEDPIE_0_Tutorial.Tutorial (0.014886s)
[2020.08.06-00.54.28:399][975]LogUObjectHash: Compacting FUObjectHashTables data took   0.55ms
[2020.08.06-00.54.28:401][975]LogAudioMixer: Display: Audio Mixer Platform Settings:
[2020.08.06-00.54.28:401][975]LogAudioMixer: Display: 	Sample Rate:						  48000
[2020.08.06-00.54.28:401][975]LogAudioMixer: Display: 	Callback Buffer Frame Size Requested: 1024
[2020.08.06-00.54.28:401][975]LogAudioMixer: Display: 	Callback Buffer Frame Size To Use:	  1024
[2020.08.06-00.54.28:401][975]LogAudioMixer: Display: 	Number of buffers to queue:			  2
[2020.08.06-00.54.28:401][975]LogAudioMixer: Display: 	Max Channels (voices):				  32
[2020.08.06-00.54.28:401][975]LogAudioMixer: Display: 	Number of Async Source Workers:		  0
[2020.08.06-00.54.28:401][975]LogAudio: Display: AudioDevice MaxSources: 32
[2020.08.06-00.54.28:401][975]LogAudio: Display: Using built-in audio occlusion.
[2020.08.06-00.54.28:401][975]LogAudioMixer: Display: Initializing audio mixer.
[2020.08.06-00.54.28:406][975]LogAudioMixer: Display: 0: FrontLeft
[2020.08.06-00.54.28:406][975]LogAudioMixer: Display: 1: FrontRight
[2020.08.06-00.54.28:430][975]LogAudioMixer: Display: Using Audio Device Speakers (Realtek High Definition Audio(SST))
[2020.08.06-00.54.28:431][975]LogAudioMixer: Display: Initializing Sound Submixes...
[2020.08.06-00.54.28:431][975]LogAudioMixer: Display: Creating Master Submix 'MasterSubmixDefault'
[2020.08.06-00.54.28:431][975]LogAudioMixer: Display: Creating Master Submix 'MasterReverbSubmixDefault'
[2020.08.06-00.54.28:431][975]LogAudioMixer: Display: Creating Master Submix 'MasterEQSubmixDefault'
[2020.08.06-00.54.28:440][975]LogInit: FAudioDevice initialized.
[2020.08.06-00.54.28:500][975]LogSlate: Updating window title bar state: overlay mode, drag disabled, window buttons hidden, title bar hidden
[2020.08.06-00.54.28:500][975]LogLoad: Game class is 'ThirdPersonGameMode_C'
[2020.08.06-00.54.28:504][975]LogWorld: Bringing World /Game/Levels/UEDPIE_0_Tutorial.Tutorial up for play (max tick rate 0) at 2020.08.06-12.54.28
[2020.08.06-00.54.28:505][975]LogWorld: Bringing up level for play took: 0.003300
[2020.08.06-00.54.28:505][975]LogOnline: OSS: Creating online subsystem instance for: :Context_6
[2020.08.06-00.54.28:512][975]PIE: Server logged in
[2020.08.06-00.54.28:513][975]PIE: Play in editor total start time 0.139 seconds.
[2020.08.06-00.54.31:815][ 85]LogPlayerController: Error: InputMode:UIOnly - Attempting to focus Non-Focusable widget SObjectWidget [Widget.cpp(799)]!
[2020.08.06-00.55.00:154][234]LogPlayerController: Error: InputMode:UIOnly - Attempting to focus Non-Focusable widget SObjectWidget [Widget.cpp(799)]!
[2020.08.06-00.55.02:523][303]LogSlate: Window 'Platformer Preview [NetMode: Standalone] (64-bit/Windows) ' being destroyed
[2020.08.06-00.55.02:571][303]LogWorld: BeginTearingDown for /Game/Levels/UEDPIE_0_Tutorial
[2020.08.06-00.55.02:572][303]LogWorld: UWorld::CleanupWorld for Tutorial, bSessionEnded=true, bCleanupResources=true
[2020.08.06-00.55.02:573][303]LogSlate: InvalidateAllWidgets triggered.  All widgets were invalidated
[2020.08.06-00.55.02:589][303]LogPlayLevel: Display: Shutting down PIE online subsystems
[2020.08.06-00.55.02:591][303]LogSlate: InvalidateAllWidgets triggered.  All widgets were invalidated
[2020.08.06-00.55.02:640][303]LogAISub: UAISubsystem::~UAISubsystem AIPerceptionSystem (00000219F8C8ED40), frame # 11303
[2020.08.06-00.55.02:640][303]LogAISub: UAISubsystem::~UAISubsystem EnvQueryManager (0000021990FCD000), frame # 11303
[2020.08.06-00.55.02:641][303]LogUObjectHash: Compacting FUObjectHashTables data took   0.93ms
[2020.08.06-00.55.02:693][304]LogPlayLevel: Display: Destroying online subsystem :Context_6
